{"D:\\data\\My Data\\q\\react\\namaste react\\src\\components\\Header.js": {"path":"D:\\data\\My Data\\q\\react\\namaste react\\src\\components\\Header.js","statementMap":{"0":{"start":{"line":23,"column":13},"end":{"line":29,"column":1}},"1":{"start":{"line":24,"column":2},"end":{"line":27,"column":5}},"2":{"start":{"line":40,"column":15},"end":{"line":101,"column":1}},"3":{"start":{"line":42,"column":36},"end":{"line":42,"column":51}},"4":{"start":{"line":54,"column":15},"end":{"line":54,"column":26}},"5":{"start":{"line":57,"column":14},"end":{"line":57,"column":37}},"6":{"start":{"line":61,"column":16},"end":{"line":61,"column":52}},"7":{"start":{"line":61,"column":35},"end":{"line":61,"column":51}},"8":{"start":{"line":62,"column":0},"end":{"line":62,"column":23}},"9":{"start":{"line":65,"column":4},"end":{"line":100,"column":5}},"10":{"start":{"line":92,"column":33},"end":{"line":92,"column":53}},"11":{"start":{"line":92,"column":92},"end":{"line":92,"column":111}}},"fnMap":{"0":{"name":"(anonymous_0)","decl":{"start":{"line":23,"column":13},"end":{"line":23,"column":14}},"loc":{"start":{"line":24,"column":2},"end":{"line":27,"column":5}},"line":24},"1":{"name":"(anonymous_1)","decl":{"start":{"line":40,"column":15},"end":{"line":40,"column":16}},"loc":{"start":{"line":40,"column":19},"end":{"line":101,"column":1}},"line":40},"2":{"name":"(anonymous_2)","decl":{"start":{"line":61,"column":28},"end":{"line":61,"column":29}},"loc":{"start":{"line":61,"column":35},"end":{"line":61,"column":51}},"line":61},"3":{"name":"(anonymous_3)","decl":{"start":{"line":92,"column":29},"end":{"line":92,"column":30}},"loc":{"start":{"line":92,"column":33},"end":{"line":92,"column":53}},"line":92},"4":{"name":"(anonymous_4)","decl":{"start":{"line":92,"column":88},"end":{"line":92,"column":89}},"loc":{"start":{"line":92,"column":92},"end":{"line":92,"column":111}},"line":92}},"branchMap":{"0":{"loc":{"start":{"line":87,"column":33},"end":{"line":87,"column":51}},"type":"cond-expr","locations":[{"start":{"line":87,"column":42},"end":{"line":87,"column":46}},{"start":{"line":87,"column":47},"end":{"line":87,"column":51}}],"line":87},"1":{"loc":{"start":{"line":92,"column":0},"end":{"line":92,"column":127}},"type":"cond-expr","locations":[{"start":{"line":92,"column":12},"end":{"line":92,"column":70}},{"start":{"line":92,"column":71},"end":{"line":92,"column":127}}],"line":92}},"s":{"0":1,"1":3,"2":1,"3":3,"4":3,"5":3,"6":3,"7":3,"8":3,"9":3,"10":0,"11":0},"f":{"0":3,"1":3,"2":3,"3":0,"4":0},"b":{"0":[3,0],"1":[0,3]},"_coverageSchema":"1a1c01bbd47fc00a2c39e90264f33305004495a9","hash":"5e91223e6c77085e1890b739d0ed838242bb0e3c"}
,"D:\\data\\My Data\\q\\react\\namaste react\\src\\components\\sum.js": {"path":"D:\\data\\My Data\\q\\react\\namaste react\\src\\components\\sum.js","statementMap":{"0":{"start":{"line":9,"column":17},"end":{"line":9,"column":27}},"1":{"start":{"line":9,"column":24},"end":{"line":9,"column":27}}},"fnMap":{"0":{"name":"(anonymous_0)","decl":{"start":{"line":9,"column":17},"end":{"line":9,"column":18}},"loc":{"start":{"line":9,"column":24},"end":{"line":9,"column":27}},"line":9}},"branchMap":{},"s":{"0":1,"1":1},"f":{"0":1},"b":{},"_coverageSchema":"1a1c01bbd47fc00a2c39e90264f33305004495a9","hash":"ff007f49aaac88acd00dda230ca21f2c8cf7b724"}
,"D:\\data\\My Data\\q\\react\\namaste react\\src\\mocks\\dummyLogo.js": {"path":"D:\\data\\My Data\\q\\react\\namaste react\\src\\mocks\\dummyLogo.js","statementMap":{},"fnMap":{},"branchMap":{},"s":{},"f":{},"b":{},"_coverageSchema":"1a1c01bbd47fc00a2c39e90264f33305004495a9","hash":"47269e9dfb81d2a224bf940f46ff6255e9733038"}
,"D:\\data\\My Data\\q\\react\\namaste react\\src\\utiles\\UserContext.js": {"path":"D:\\data\\My Data\\q\\react\\namaste react\\src\\utiles\\UserContext.js","statementMap":{"0":{"start":{"line":2,"column":18},"end":{"line":7,"column":2}},"1":{"start":{"line":9,"column":0},"end":{"line":9,"column":40}}},"fnMap":{},"branchMap":{},"s":{"0":1,"1":1},"f":{},"b":{},"_coverageSchema":"1a1c01bbd47fc00a2c39e90264f33305004495a9","hash":"5c35c6ce728c252e67d28c92c1e35ffb704dc2c5"}
,"D:\\data\\My Data\\q\\react\\namaste react\\src\\utiles\\cartSlice.js": {"path":"D:\\data\\My Data\\q\\react\\namaste react\\src\\utiles\\cartSlice.js","statementMap":{"0":{"start":{"line":2,"column":16},"end":{"line":28,"column":2}},"1":{"start":{"line":16,"column":12},"end":{"line":16,"column":44}},"2":{"start":{"line":20,"column":12},"end":{"line":20,"column":30}},"3":{"start":{"line":25,"column":12},"end":{"line":25,"column":27}},"4":{"start":{"line":45,"column":44},"end":{"line":45,"column":61}}},"fnMap":{"0":{"name":"(anonymous_0)","decl":{"start":{"line":15,"column":16},"end":{"line":15,"column":17}},"loc":{"start":{"line":15,"column":32},"end":{"line":17,"column":9}},"line":15},"1":{"name":"(anonymous_1)","decl":{"start":{"line":19,"column":19},"end":{"line":19,"column":20}},"loc":{"start":{"line":19,"column":35},"end":{"line":21,"column":9}},"line":19},"2":{"name":"(anonymous_2)","decl":{"start":{"line":24,"column":18},"end":{"line":24,"column":19}},"loc":{"start":{"line":24,"column":27},"end":{"line":26,"column":9}},"line":24}},"branchMap":{},"s":{"0":1,"1":0,"2":0,"3":0,"4":1},"f":{"0":0,"1":0,"2":0},"b":{},"_coverageSchema":"1a1c01bbd47fc00a2c39e90264f33305004495a9","hash":"42e81a6bab72392d7dabf3ea68753c0e01f6586d"}
,"D:\\data\\My Data\\q\\react\\namaste react\\src\\utiles\\store.js": {"path":"D:\\data\\My Data\\q\\react\\namaste react\\src\\utiles\\store.js","statementMap":{"0":{"start":{"line":5,"column":12},"end":{"line":9,"column":2}}},"fnMap":{},"branchMap":{},"s":{"0":1},"f":{},"b":{},"_coverageSchema":"1a1c01bbd47fc00a2c39e90264f33305004495a9","hash":"3fd78c80b8fda536d4039b2ca546ef4edb0e2474"}
,"D:\\data\\My Data\\q\\react\\namaste react\\src\\utiles\\useOnline.js": {"path":"D:\\data\\My Data\\q\\react\\namaste react\\src\\utiles\\useOnline.js","statementMap":{"0":{"start":{"line":3,"column":16},"end":{"line":38,"column":1}},"1":{"start":{"line":5,"column":33},"end":{"line":5,"column":47}},"2":{"start":{"line":7,"column":0},"end":{"line":35,"column":6}},"3":{"start":{"line":9,"column":19},"end":{"line":11,"column":1}},"4":{"start":{"line":10,"column":4},"end":{"line":10,"column":21}},"5":{"start":{"line":13,"column":20},"end":{"line":15,"column":1}},"6":{"start":{"line":14,"column":4},"end":{"line":14,"column":22}},"7":{"start":{"line":24,"column":0},"end":{"line":24,"column":47}},"8":{"start":{"line":25,"column":0},"end":{"line":25,"column":49}},"9":{"start":{"line":30,"column":0},"end":{"line":33,"column":1}},"10":{"start":{"line":31,"column":4},"end":{"line":31,"column":53}},"11":{"start":{"line":32,"column":4},"end":{"line":32,"column":55}},"12":{"start":{"line":37,"column":4},"end":{"line":37,"column":20}}},"fnMap":{"0":{"name":"(anonymous_0)","decl":{"start":{"line":3,"column":16},"end":{"line":3,"column":17}},"loc":{"start":{"line":3,"column":20},"end":{"line":38,"column":1}},"line":3},"1":{"name":"(anonymous_1)","decl":{"start":{"line":7,"column":10},"end":{"line":7,"column":11}},"loc":{"start":{"line":7,"column":14},"end":{"line":35,"column":1}},"line":7},"2":{"name":"(anonymous_2)","decl":{"start":{"line":9,"column":19},"end":{"line":9,"column":20}},"loc":{"start":{"line":9,"column":23},"end":{"line":11,"column":1}},"line":9},"3":{"name":"(anonymous_3)","decl":{"start":{"line":13,"column":20},"end":{"line":13,"column":21}},"loc":{"start":{"line":13,"column":24},"end":{"line":15,"column":1}},"line":13},"4":{"name":"(anonymous_4)","decl":{"start":{"line":30,"column":7},"end":{"line":30,"column":8}},"loc":{"start":{"line":30,"column":11},"end":{"line":33,"column":1}},"line":30}},"branchMap":{},"s":{"0":1,"1":3,"2":3,"3":3,"4":0,"5":3,"6":0,"7":3,"8":3,"9":3,"10":3,"11":3,"12":3},"f":{"0":3,"1":3,"2":0,"3":0,"4":3},"b":{},"_coverageSchema":"1a1c01bbd47fc00a2c39e90264f33305004495a9","hash":"ba45f25325ddbf383a69b1364a4c5fa26238fa2f"}
}
