TN:
SF:src\components\Header.js
FN:23,(anonymous_0)
FN:40,(anonymous_1)
FN:61,(anonymous_2)
FN:92,(anonymous_3)
FN:92,(anonymous_4)
FNF:5
FNH:3
FNDA:3,(anonymous_0)
FNDA:3,(anonymous_1)
FNDA:3,(anonymous_2)
FNDA:0,(anonymous_3)
FNDA:0,(anonymous_4)
DA:23,1
DA:24,3
DA:40,1
DA:42,3
DA:54,3
DA:57,3
DA:61,3
DA:62,3
DA:65,3
DA:92,0
LF:10
LH:9
BRDA:87,0,0,3
BRDA:87,0,1,0
BRDA:92,1,0,0
BRDA:92,1,1,3
BRF:4
BRH:2
end_of_record
TN:
SF:src\components\sum.js
FN:9,(anonymous_0)
FNF:1
FNH:1
FNDA:1,(anonymous_0)
DA:9,1
LF:1
LH:1
BRF:0
BRH:0
end_of_record
TN:
SF:src\mocks\dummyLogo.js
FNF:0
FNH:0
LF:0
LH:0
BRF:0
BRH:0
end_of_record
TN:
SF:src\utiles\UserContext.js
FNF:0
FNH:0
DA:2,1
DA:9,1
LF:2
LH:2
BRF:0
BRH:0
end_of_record
TN:
SF:src\utiles\cartSlice.js
FN:15,(anonymous_0)
FN:19,(anonymous_1)
FN:24,(anonymous_2)
FNF:3
FNH:0
FNDA:0,(anonymous_0)
FNDA:0,(anonymous_1)
FNDA:0,(anonymous_2)
DA:2,1
DA:16,0
DA:20,0
DA:25,0
DA:45,1
LF:5
LH:2
BRF:0
BRH:0
end_of_record
TN:
SF:src\utiles\store.js
FNF:0
FNH:0
DA:5,1
LF:1
LH:1
BRF:0
BRH:0
end_of_record
TN:
SF:src\utiles\useOnline.js
FN:3,(anonymous_0)
FN:7,(anonymous_1)
FN:9,(anonymous_2)
FN:13,(anonymous_3)
FN:30,(anonymous_4)
FNF:5
FNH:3
FNDA:3,(anonymous_0)
FNDA:3,(anonymous_1)
FNDA:0,(anonymous_2)
FNDA:0,(anonymous_3)
FNDA:3,(anonymous_4)
DA:3,1
DA:5,3
DA:7,3
DA:9,3
DA:10,0
DA:13,3
DA:14,0
DA:24,3
DA:25,3
DA:30,3
DA:31,3
DA:32,3
DA:37,3
LF:13
LH:11
BRF:0
BRH:0
end_of_record
